2018-01-31 12:06:47.725 [error] <0.258.0>@lager_file_backend:323 Invalid loglevel crash for file "log/crash.log"
2018-01-31 12:06:47.725 [error] <0.269.0>@lager_handler_watcher:123 Lager fatally failed to install handler {lager_file_backend,"log/crash.log"} into lager_event, NOT retrying: bad_config
2018-01-31 12:06:48.428 [info] <0.31.0> Application lager started on node nonode@nohost
2018-01-31 12:06:48.428 [info] <0.31.0> Application mysql started on node nonode@nohost
2018-01-31 12:06:48.428 [info] <0.31.0> Application poolboy started on node nonode@nohost
2018-01-31 12:06:48.552 [info] <0.31.0> Application mysql_poolboy started on node nonode@nohost
2018-01-31 12:06:48.552 [info] <0.31.0> Application cowlib started on node nonode@nohost
2018-01-31 12:06:48.568 [info] <0.31.0> Application ranch started on node nonode@nohost
2018-01-31 12:06:48.568 [info] <0.31.0> Application cowboy started on node nonode@nohost
2018-01-31 12:06:48.583 [info] <0.31.0> Application luerl started on node nonode@nohost
2018-01-31 12:06:48.583 [info] <0.31.0> Application protobuffs started on node nonode@nohost
2018-01-31 12:06:48.583 [info] <0.31.0> Application xmerl started on node nonode@nohost
2018-01-31 12:06:48.583 [info] <0.31.0> Application mochiweb started on node nonode@nohost
2018-01-31 12:06:48.583 [info] <0.31.0> Application meck started on node nonode@nohost
2018-01-31 12:06:48.583 [info] <0.323.0>@app_ctl:init:125 111111111111["config/sanguo.config",mod_ctl]
2018-01-31 12:06:48.583 [info] <0.323.0>@app_ctl:init_config:246 app config: [{server_addr,{{0,0,0,0},20039}},{port,30009},{mongo,{{sharded,["10.20.20.217:18000","10.20.20.218:18000","10.20.20.219:18000"]},<<"kurok">>,10,5,<<"sss1">>,<<"123456">>}},{match,{100,100000}},{log_server,{"sanguo@10.20.20.72"}},{listen_port,20000}]
2018-01-31 12:06:48.583 [info] <0.321.0>@proxy_web_sup:start_link:35 Http.......1
2018-01-31 12:06:48.583 [info] <0.325.0>@proxy_web_sup:init:66 Http.......{proxy_web,{proxy_web,start,[[{ip,any},{port,20000},{nodelay,true},{docroot,"f:/nzg_pro/sanguo/_build/default/lib/sanguo/priv/www"}]]},permanent,5000,worker,dynamic}
2018-01-31 12:06:48.583 [info] <0.325.0>@proxy_web:start:21 Options1  :[{ip,any},{port,20000},{nodelay,true}]
2018-01-31 12:06:48.646 [info] <0.31.0> Application sanguo started on node nonode@nohost
2018-01-31 12:06:48.693 [info] <0.323.0>@mod_ctl:init:24 login server init start
2018-01-31 12:06:48.755 [info] <0.31.0> Application sasl started on node nonode@nohost
